<?xml version="1.0" encoding="UTF-8"?>
<testsuite xmlns:xsi="http://www.w3.org/2001/XMLSchema-instance" xsi:noNamespaceSchemaLocation="https://maven.apache.org/surefire/maven-surefire-plugin/xsd/surefire-test-report-3.0.xsd" version="3.0" name="com.omrbranch.runner.TestRunnerClass" time="25.18" tests="1" errors="0" skipped="0" failures="0">
  <properties>
[...]
</properties>
  <testcase name="Verifying login with valid credentials #1" classname="Login Hotel Module" time="19.882">
    <system-out><![CDATA[
@Login @Login1
Scenario Outline: Verifying login with valid credentials             &amp#27;[90m# src/test/resources/Features/TC1_Login.feature:12&amp#27;[0m
  &amp#27;[32mGiven &amp#27;[0m&amp#27;[32mUser is on the OMR Branch hotel page&amp#27;[0m                         &amp#27;[90m# com.omrbranch.stepdefinition.TC1_LoginStep.userLaunchUrl()&amp#27;[0m
  &amp#27;[32mWhen &amp#27;[0m&amp#27;[32mUser enter &amp#27;[0m&amp#27;[32m&amp#27;[1m"srinipmps@gmail.com"&amp#27;[0m&amp#27;[32m and &amp#27;[0m&amp#27;[32m&amp#27;[1m"abEuKW6S@asg3Nv"&amp#27;[0m        &amp#27;[90m# com.omrbranch.stepdefinition.TC1_LoginStep.userLogin(java.lang.String,java.lang.String)&amp#27;[0m
  &amp#27;[32mThen &amp#27;[0m&amp#27;[32mUser should verify sucees message after login &amp#27;[0m&amp#27;[32m&amp#27;[1m"Welcome Srini"&amp#27;[0m &amp#27;[90m# com.omrbranch.stepdefinition.TC1_LoginStep.userVerifyMessageAterLogin(java.lang.String)&amp#27;[0m

    Embedding Every Scenario [images/png 1353322 bytes]

]]></system-out>
    <system-err><![CDATA[May 31, 2024 2:58:46 PM org.openqa.selenium.devtools.CdpVersionFinder findNearestMatch
WARNING: Unable to find an exact match for CDP version 125, returning the closest version; found: 124; Please update to a Selenium version that supports CDP version 125
]]></system-err>
  </testcase>
</testsuite>